<?xml version="1.0" encoding="UTF-8"?>
<!DOCTYPE coverage SYSTEM "http://cobertura.sourceforge.net/xml/coverage-04.dtd">
<coverage line-rate="0.11111111" branch-rate="0" lines-covered="9" lines-valid="81" branches-covered="0" branches-valid="0" complexity="0" version="" timestamp="1666675953279">
	<packages>
		<package name="pipiobjo.com/service/greeting/cmd" line-rate="0" branch-rate="0" complexity="0" line-count="26" line-hits="0">
			<classes>
				<class name="-" filename="cmd/main.go" line-rate="0" branch-rate="0" complexity="0" line-count="14" line-hits="0">
					<methods>
						<method name="main" signature="" line-rate="0" branch-rate="0" complexity="0" line-count="0" line-hits="0">
							<lines>
								<line number="20" hits="0"></line>
								<line number="22" hits="0"></line>
								<line number="24" hits="0"></line>
								<line number="28" hits="0"></line>
								<line number="31" hits="0"></line>
							</lines>
						</method>
						<method name="@24:5" signature="" line-rate="0" branch-rate="0" complexity="0" line-count="0" line-hits="0">
							<lines>
								<line number="25" hits="0"></line>
							</lines>
						</method>
						<method name="@28:5" signature="" line-rate="0" branch-rate="0" complexity="0" line-count="0" line-hits="0">
							<lines>
								<line number="29" hits="0"></line>
							</lines>
						</method>
						<method name="NewServer" signature="" line-rate="0" branch-rate="0" complexity="0" line-count="0" line-hits="0">
							<lines>
								<line number="35" hits="0"></line>
								<line number="36" hits="0"></line>
								<line number="37" hits="0"></line>
								<line number="38" hits="0"></line>
								<line number="40" hits="0"></line>
								<line number="43" hits="0"></line>
							</lines>
						</method>
						<method name="@54:17" signature="" line-rate="0" branch-rate="0" complexity="0" line-count="0" line-hits="0">
							<lines>
								<line number="55" hits="0"></line>
							</lines>
						</method>
					</methods>
					<lines>
						<line number="20" hits="0"></line>
						<line number="22" hits="0"></line>
						<line number="24" hits="0"></line>
						<line number="28" hits="0"></line>
						<line number="31" hits="0"></line>
						<line number="25" hits="0"></line>
						<line number="29" hits="0"></line>
						<line number="35" hits="0"></line>
						<line number="36" hits="0"></line>
						<line number="37" hits="0"></line>
						<line number="38" hits="0"></line>
						<line number="40" hits="0"></line>
						<line number="43" hits="0"></line>
						<line number="55" hits="0"></line>
					</lines>
				</class>
				<class name="server" filename="cmd/main.go" line-rate="0" branch-rate="0" complexity="0" line-count="12" line-hits="0">
					<methods>
						<method name="initProbes" signature="" line-rate="0" branch-rate="0" complexity="0" line-count="0" line-hits="0">
							<lines>
								<line number="50" hits="0"></line>
								<line number="51" hits="0"></line>
								<line number="52" hits="0"></line>
								<line number="54" hits="0"></line>
								<line number="58" hits="0"></line>
								<line number="59" hits="0"></line>
							</lines>
						</method>
						<method name="initRest" signature="" line-rate="0" branch-rate="0" complexity="0" line-count="0" line-hits="0">
							<lines>
								<line number="64" hits="0"></line>
								<line number="65" hits="0"></line>
								<line number="67" hits="0"></line>
								<line number="68" hits="0"></line>
								<line number="69" hits="0"></line>
								<line number="70" hits="0"></line>
							</lines>
						</method>
					</methods>
					<lines>
						<line number="50" hits="0"></line>
						<line number="51" hits="0"></line>
						<line number="52" hits="0"></line>
						<line number="54" hits="0"></line>
						<line number="58" hits="0"></line>
						<line number="59" hits="0"></line>
						<line number="64" hits="0"></line>
						<line number="65" hits="0"></line>
						<line number="67" hits="0"></line>
						<line number="68" hits="0"></line>
						<line number="69" hits="0"></line>
						<line number="70" hits="0"></line>
					</lines>
				</class>
			</classes>
		</package>
		<package name="pipiobjo.com/service/greeting/internal" line-rate="0.8181818" branch-rate="0" complexity="0" line-count="11" line-hits="9">
			<classes>
				<class name="-" filename="internal/GreetingService.go" line-rate="0.8181818" branch-rate="0" complexity="0" line-count="11" line-hits="9">
					<methods>
						<method name="Hello" signature="" line-rate="0.7777778" branch-rate="0" complexity="0" line-count="0" line-hits="0">
							<lines>
								<line number="21" hits="1"></line>
								<line number="22" hits="1"></line>
								<line number="23" hits="0"></line>
								<line number="24" hits="0"></line>
								<line number="28" hits="1"></line>
								<line number="29" hits="1"></line>
								<line number="30" hits="1"></line>
								<line number="31" hits="1"></line>
								<line number="32" hits="1"></line>
							</lines>
						</method>
						<method name="randomFormat" signature="" line-rate="1" branch-rate="0" complexity="0" line-count="0" line-hits="0">
							<lines>
								<line number="36" hits="1"></line>
								<line number="42" hits="1"></line>
							</lines>
						</method>
					</methods>
					<lines>
						<line number="21" hits="1"></line>
						<line number="22" hits="1"></line>
						<line number="23" hits="0"></line>
						<line number="24" hits="0"></line>
						<line number="28" hits="1"></line>
						<line number="29" hits="1"></line>
						<line number="30" hits="1"></line>
						<line number="31" hits="1"></line>
						<line number="32" hits="1"></line>
						<line number="36" hits="1"></line>
						<line number="42" hits="1"></line>
					</lines>
				</class>
			</classes>
		</package>
		<package name="pipiobjo.com/service/greeting/internal/config" line-rate="0" branch-rate="0" complexity="0" line-count="5" line-hits="0">
			<classes>
				<class name="-" filename="internal/config/config.go" line-rate="0" branch-rate="0" complexity="0" line-count="5" line-hits="0">
					<methods>
						<method name="LoadConfig" signature="" line-rate="0" branch-rate="0" complexity="0" line-count="0" line-hits="0">
							<lines>
								<line number="13" hits="0"></line>
								<line number="14" hits="0"></line>
								<line number="15" hits="0"></line>
								<line number="16" hits="0"></line>
								<line number="18" hits="0"></line>
							</lines>
						</method>
					</methods>
					<lines>
						<line number="13" hits="0"></line>
						<line number="14" hits="0"></line>
						<line number="15" hits="0"></line>
						<line number="16" hits="0"></line>
						<line number="18" hits="0"></line>
					</lines>
				</class>
			</classes>
		</package>
		<package name="pipiobjo.com/service/greeting/port/v1" line-rate="0" branch-rate="0" complexity="0" line-count="39" line-hits="0">
			<classes>
				<class name="-" filename="port/v1/port.go" line-rate="0" branch-rate="0" complexity="0" line-count="39" line-hits="0">
					<methods>
						<method name="HandleRest" signature="" line-rate="0" branch-rate="0" complexity="0" line-count="0" line-hits="0">
							<lines>
								<line number="17" hits="0"></line>
								<line number="19" hits="0"></line>
								<line number="47" hits="0"></line>
								<line number="69" hits="0"></line>
							</lines>
						</method>
						<method name="@22:16" signature="" line-rate="0" branch-rate="0" complexity="0" line-count="0" line-hits="0">
							<lines>
								<line number="23" hits="0"></line>
								<line number="25" hits="0"></line>
								<line number="26" hits="0"></line>
								<line number="27" hits="0"></line>
								<line number="28" hits="0"></line>
								<line number="30" hits="0"></line>
								<line number="31" hits="0"></line>
								<line number="32" hits="0"></line>
								<line number="34" hits="0"></line>
								<line number="36" hits="0"></line>
								<line number="37" hits="0"></line>
								<line number="39" hits="0"></line>
								<line number="40" hits="0"></line>
								<line number="41" hits="0"></line>
								<line number="42" hits="0"></line>
							</lines>
						</method>
						<method name="@50:16" signature="" line-rate="0" branch-rate="0" complexity="0" line-count="0" line-hits="0">
							<lines>
								<line number="51" hits="0"></line>
								<line number="53" hits="0"></line>
								<line number="54" hits="0"></line>
								<line number="55" hits="0"></line>
								<line number="56" hits="0"></line>
								<line number="59" hits="0"></line>
								<line number="60" hits="0"></line>
								<line number="62" hits="0"></line>
								<line number="63" hits="0"></line>
								<line number="64" hits="0"></line>
								<line number="65" hits="0"></line>
							</lines>
						</method>
						<method name="@72:15" signature="" line-rate="0" branch-rate="0" complexity="0" line-count="0" line-hits="0">
							<lines>
								<line number="73" hits="0"></line>
								<line number="74" hits="0"></line>
								<line number="75" hits="0"></line>
								<line number="76" hits="0"></line>
							</lines>
						</method>
						<method name="parseBody" signature="" line-rate="0" branch-rate="0" complexity="0" line-count="0" line-hits="0">
							<lines>
								<line number="83" hits="0"></line>
								<line number="84" hits="0"></line>
								<line number="85" hits="0"></line>
								<line number="86" hits="0"></line>
								<line number="88" hits="0"></line>
							</lines>
						</method>
					</methods>
					<lines>
						<line number="17" hits="0"></line>
						<line number="19" hits="0"></line>
						<line number="47" hits="0"></line>
						<line number="69" hits="0"></line>
						<line number="23" hits="0"></line>
						<line number="25" hits="0"></line>
						<line number="26" hits="0"></line>
						<line number="27" hits="0"></line>
						<line number="28" hits="0"></line>
						<line number="30" hits="0"></line>
						<line number="31" hits="0"></line>
						<line number="32" hits="0"></line>
						<line number="34" hits="0"></line>
						<line number="36" hits="0"></line>
						<line number="37" hits="0"></line>
						<line number="39" hits="0"></line>
						<line number="40" hits="0"></line>
						<line number="41" hits="0"></line>
						<line number="42" hits="0"></line>
						<line number="51" hits="0"></line>
						<line number="53" hits="0"></line>
						<line number="54" hits="0"></line>
						<line number="55" hits="0"></line>
						<line number="56" hits="0"></line>
						<line number="59" hits="0"></line>
						<line number="60" hits="0"></line>
						<line number="62" hits="0"></line>
						<line number="63" hits="0"></line>
						<line number="64" hits="0"></line>
						<line number="65" hits="0"></line>
						<line number="73" hits="0"></line>
						<line number="74" hits="0"></line>
						<line number="75" hits="0"></line>
						<line number="76" hits="0"></line>
						<line number="83" hits="0"></line>
						<line number="84" hits="0"></line>
						<line number="85" hits="0"></line>
						<line number="86" hits="0"></line>
						<line number="88" hits="0"></line>
					</lines>
				</class>
			</classes>
		</package>
	</packages>
	<sources>
		<source>/app/service/greeting</source>
	</sources>
</coverage>
